<?xml version="1.0" encoding="UTF-8"?>
<!-- Generated by org.testng.reporters.JUnitReportReporter -->
<testsuite hostname="DESKTOP-U594KVC" failures="0" tests="1" name="Practice.CucumberProject.HomePage" time="7.091" errors="0" timestamp="2022-06-20T15:36:33 IST" skipped="0">
  <testcase classname="Practice.CucumberProject.HomePage" name="basePageNav" time="7.091"/>
  <system-out/>
</testsuite> <!-- Practice.CucumberProject.HomePage -->
